-------------------------------------------------------------------------------
Test set: com.vti.GroupManagementApplicationTests
-------------------------------------------------------------------------------
Tests run: 1, Failures: 0, Errors: 1, Skipped: 0, Time elapsed: 3.282 s <<< FAILURE! - in com.vti.GroupManagementApplicationTests
contextLoads  Time elapsed: 0.01 s  <<< ERROR!
java.lang.IllegalStateException: Failed to load ApplicationContext
Caused by: org.springframework.beans.factory.UnsatisfiedDependencyException: Error creating bean with name 'groupController': Unsatisfied dependency expressed through field 'service'; nested exception is org.springframework.beans.factory.UnsatisfiedDependencyException: Error creating bean with name 'groupService': Unsatisfied dependency expressed through field 'repository'; nested exception is org.springframework.beans.factory.BeanCreationException: Error creating bean with name 'groupRepository' defined in com.vti.repository.GroupRepository defined in @EnableJpaRepositories declared on JpaRepositoriesRegistrar.EnableJpaRepositoriesConfiguration: Invocation of init method failed; nested exception is java.lang.IllegalArgumentException: Failed to create query for method public abstract org.springframework.data.domain.Page com.vti.repository.GroupRepository.findAll(org.springframework.data.domain.Pageable,com.vti.dto.filter.GroupFilter,java.lang.String)! No property findAll found for type Group!
Caused by: org.springframework.beans.factory.UnsatisfiedDependencyException: Error creating bean with name 'groupService': Unsatisfied dependency expressed through field 'repository'; nested exception is org.springframework.beans.factory.BeanCreationException: Error creating bean with name 'groupRepository' defined in com.vti.repository.GroupRepository defined in @EnableJpaRepositories declared on JpaRepositoriesRegistrar.EnableJpaRepositoriesConfiguration: Invocation of init method failed; nested exception is java.lang.IllegalArgumentException: Failed to create query for method public abstract org.springframework.data.domain.Page com.vti.repository.GroupRepository.findAll(org.springframework.data.domain.Pageable,com.vti.dto.filter.GroupFilter,java.lang.String)! No property findAll found for type Group!
Caused by: org.springframework.beans.factory.BeanCreationException: Error creating bean with name 'groupRepository' defined in com.vti.repository.GroupRepository defined in @EnableJpaRepositories declared on JpaRepositoriesRegistrar.EnableJpaRepositoriesConfiguration: Invocation of init method failed; nested exception is java.lang.IllegalArgumentException: Failed to create query for method public abstract org.springframework.data.domain.Page com.vti.repository.GroupRepository.findAll(org.springframework.data.domain.Pageable,com.vti.dto.filter.GroupFilter,java.lang.String)! No property findAll found for type Group!
Caused by: java.lang.IllegalArgumentException: Failed to create query for method public abstract org.springframework.data.domain.Page com.vti.repository.GroupRepository.findAll(org.springframework.data.domain.Pageable,com.vti.dto.filter.GroupFilter,java.lang.String)! No property findAll found for type Group!
Caused by: org.springframework.data.mapping.PropertyReferenceException: No property findAll found for type Group!

